<?xml version="1.0" encoding="UTF-8"?>
<!-- Generated by org.testng.reporters.JUnitXMLReporter -->
<testsuite ignored="0" hostname="DESKTOP-HUP5OAH" failures="0" tests="3" name="Test" time="73.482" errors="0" timestamp="2023-07-25T12:42:35 IST">
  <testcase classname="test.Createtest" name="verifycreate" time="22.116"/>
  <testcase classname="test.Signintest" name="verifysignin" time="15.899"/>
  <testcase classname="test.Producttest" name="verifyproduct" time="13.736"/>
</testsuite> <!-- Test -->
