<?xml version="1.0" encoding="UTF-8"?>
<testng-results ignored="0" total="3" passed="3" failed="0" skipped="0">
  <reporter-output>
  </reporter-output>
  <suite started-at="2023-07-25T12:41:21 IST" name="Suite" finished-at="2023-07-25T12:42:35 IST" duration-ms="73482">
    <groups>
    </groups>
    <test started-at="2023-07-25T12:41:21 IST" name="Test" finished-at="2023-07-25T12:42:35 IST" duration-ms="73482">
      <class name="test.Producttest">
        <test-method is-config="true" signature="setup()[pri:0, instance:test.Producttest@1750fbeb]" started-at="2023-07-25T12:41:55 IST" name="setup" finished-at="2023-07-25T12:42:05 IST" duration-ms="10096" status="PASS">
          <reporter-output>
          </reporter-output>
        </test-method> <!-- setup -->
        <test-method signature="verifysignin()[pri:1, instance:test.Producttest@1750fbeb]" started-at="2023-07-25T12:42:05 IST" name="verifysignin" finished-at="2023-07-25T12:42:21 IST" duration-ms="15899" status="PASS">
          <reporter-output>
          </reporter-output>
        </test-method> <!-- verifysignin -->
        <test-method signature="verifyproduct()[pri:2, instance:test.Producttest@1750fbeb]" started-at="2023-07-25T12:42:21 IST" name="verifyproduct" finished-at="2023-07-25T12:42:35 IST" duration-ms="13736" status="PASS">
          <reporter-output>
          </reporter-output>
        </test-method> <!-- verifyproduct -->
      </class> <!-- test.Producttest -->
      <class name="test.Createtest">
        <test-method is-config="true" signature="setup()[pri:0, instance:test.Createtest@6fa51cd4]" started-at="2023-07-25T12:41:21 IST" name="setup" finished-at="2023-07-25T12:41:33 IST" duration-ms="11537" status="PASS">
          <reporter-output>
          </reporter-output>
        </test-method> <!-- setup -->
        <test-method signature="verifycreate()[pri:0, instance:test.Createtest@6fa51cd4]" started-at="2023-07-25T12:41:33 IST" name="verifycreate" finished-at="2023-07-25T12:41:55 IST" duration-ms="22116" status="PASS">
          <reporter-output>
          </reporter-output>
        </test-method> <!-- verifycreate -->
      </class> <!-- test.Createtest -->
    </test> <!-- Test -->
  </suite> <!-- Suite -->
</testng-results>
